2026-04-14T03:25:42+00:00 DEBUG 
====Log Details: ===
====Start Log====
WPS Renewal Subscriptions: Array
(
)

====End Log====


2026-04-14T03:25:42+00:00 DEBUG 
====Log Details: ===
====Start Log====
WPS Expired Subscriptions: Array
(
)

====End Log====


2026-04-14T05:27:59+00:00 DEBUG 
====Log Details: ===
====Start Log====
WPS Renewal Subscriptions: Array
(
)

====End Log====


2026-04-14T05:28:21+00:00 DEBUG 
====Log Details: ===
====Start Log====
WPS Expired Subscriptions: Array
(
)

====End Log====


2026-04-14T06:27:55+00:00 DEBUG 
====Log Details: ===
====Start Log====
WPS Renewal Subscriptions: Array
(
)

====End Log====


2026-04-14T06:28:22+00:00 DEBUG 
====Log Details: ===
====Start Log====
WPS Expired Subscriptions: Array
(
)

====End Log====


2026-04-14T06:59:03+00:00 DEBUG 
====Log Details: ===
====Start Log====
WPS Renewal Subscriptions: Array
(
)

====End Log====


2026-04-14T07:00:48+00:00 DEBUG 
====Log Details: ===
====Start Log====
WPS Expired Subscriptions: Array
(
)

====End Log====


2026-04-14T08:06:54+00:00 DEBUG 
====Log Details: ===
====Start Log====
WPS Renewal Subscriptions: Array
(
)

====End Log====


2026-04-14T08:08:31+00:00 DEBUG 
====Log Details: ===
====Start Log====
WPS Expired Subscriptions: Array
(
)

====End Log====


